<?xml version="1.0" encoding="UTF-8"?>
<coverage generated="1598366394715" clover="3.2.0">
  <project timestamp="1598366394715" name="All files">
    <metrics statements="28" coveredstatements="28" conditionals="10" coveredconditionals="10" methods="5" coveredmethods="5" elements="43" coveredelements="43" complexity="0" loc="28" ncloc="28" packages="1" files="1" classes="1"/>
    <file name="oilSpill.ts" path="/Users/tristan/Desktop/Projects/process-reviews/oil_spill_tech_test/src/oilSpill.ts">
      <metrics statements="28" coveredstatements="28" conditionals="10" coveredconditionals="10" methods="5" coveredmethods="5"/>
      <line num="8" count="5" type="stmt"/>
      <line num="9" count="5" type="stmt"/>
      <line num="10" count="5" type="stmt"/>
      <line num="11" count="5" type="stmt"/>
      <line num="16" count="2" type="stmt"/>
      <line num="23" count="3" type="stmt"/>
      <line num="24" count="3" type="stmt"/>
      <line num="25" count="3" type="stmt"/>
      <line num="26" count="33" type="stmt"/>
      <line num="28" count="9" type="stmt"/>
      <line num="29" count="9" type="stmt"/>
      <line num="31" count="6" type="stmt"/>
      <line num="32" count="6" type="stmt"/>
      <line num="34" count="9" type="stmt"/>
      <line num="35" count="9" type="stmt"/>
      <line num="37" count="9" type="stmt"/>
      <line num="38" count="9" type="stmt"/>
      <line num="40" count="33" type="stmt"/>
      <line num="42" count="3" type="stmt"/>
      <line num="46" count="35" type="stmt"/>
      <line num="47" count="35" type="stmt"/>
      <line num="48" count="69" type="cond" truecount="4" falsecount="0"/>
      <line num="49" count="4" type="stmt"/>
      <line num="50" count="4" type="stmt"/>
      <line num="53" count="35" type="stmt"/>
      <line num="57" count="33" type="cond" truecount="2" falsecount="0"/>
      <line num="58" count="3" type="stmt"/>
      <line num="65" count="1" type="stmt"/>
    </file>
  </project>
</coverage>
