{"/Users/tristan/Desktop/Projects/process-reviews/oil_spill_tech_test/src/getOilSpillData.ts": {"path":"/Users/tristan/Desktop/Projects/process-reviews/oil_spill_tech_test/src/getOilSpillData.ts","statementMap":{"0":{"start":{"line":1,"column":0},"end":{"line":50,"column":null}},"1":{"start":{"line":3,"column":31},"end":{"line":3,"column":32}},"2":{"start":{"line":7,"column":8},"end":{"line":7,"column":null}},"3":{"start":{"line":8,"column":8},"end":{"line":8,"column":null}},"4":{"start":{"line":9,"column":8},"end":{"line":9,"column":null}},"5":{"start":{"line":10,"column":8},"end":{"line":13,"column":null}},"6":{"start":{"line":17,"column":16},"end":{"line":17,"column":30}},"7":{"start":{"line":18,"column":16},"end":{"line":18,"column":30}},"8":{"start":{"line":19,"column":8},"end":{"line":36,"column":null}},"9":{"start":{"line":19,"column":20},"end":{"line":19,"column":21}},"10":{"start":{"line":20,"column":12},"end":{"line":33,"column":null}},"11":{"start":{"line":22,"column":20},"end":{"line":22,"column":null}},"12":{"start":{"line":23,"column":20},"end":{"line":23,"column":25}},"13":{"start":{"line":25,"column":20},"end":{"line":25,"column":null}},"14":{"start":{"line":26,"column":20},"end":{"line":26,"column":25}},"15":{"start":{"line":28,"column":20},"end":{"line":28,"column":null}},"16":{"start":{"line":29,"column":20},"end":{"line":29,"column":25}},"17":{"start":{"line":31,"column":20},"end":{"line":31,"column":null}},"18":{"start":{"line":32,"column":20},"end":{"line":32,"column":25}},"19":{"start":{"line":34,"column":12},"end":{"line":34,"column":null}},"20":{"start":{"line":35,"column":12},"end":{"line":35,"column":null}},"21":{"start":{"line":37,"column":8},"end":{"line":37,"column":null}},"22":{"start":{"line":41,"column":8},"end":{"line":46,"column":null}},"23":{"start":{"line":41,"column":20},"end":{"line":41,"column":21}},"24":{"start":{"line":42,"column":12},"end":{"line":45,"column":null}},"25":{"start":{"line":43,"column":16},"end":{"line":43,"column":null}},"26":{"start":{"line":44,"column":16},"end":{"line":44,"column":null}},"27":{"start":{"line":49,"column":4},"end":{"line":49,"column":null}}},"fnMap":{"0":{"name":"(anonymous_0)","decl":{"start":{"line":1,"column":1},"end":{"line":1,"column":10}},"loc":{"start":{"line":1,"column":17},"end":{"line":50,"column":1}}},"1":{"name":"getOilSpillData","decl":{"start":{"line":6,"column":13},"end":{"line":6,"column":28}},"loc":{"start":{"line":6,"column":38},"end":{"line":14,"column":5}}},"2":{"name":"movement","decl":{"start":{"line":16,"column":13},"end":{"line":16,"column":21}},"loc":{"start":{"line":16,"column":63},"end":{"line":38,"column":5}}},"3":{"name":"countCleanedTiles","decl":{"start":{"line":40,"column":13},"end":{"line":40,"column":30}},"loc":{"start":{"line":40,"column":49},"end":{"line":47,"column":5}}}},"branchMap":{"0":{"loc":{"start":{"line":21,"column":16},"end":{"line":23,"column":25}},"type":"switch","locations":[{"start":{"line":21,"column":16},"end":{"line":23,"column":25}},{"start":{"line":24,"column":16},"end":{"line":26,"column":25}},{"start":{"line":27,"column":16},"end":{"line":29,"column":25}},{"start":{"line":30,"column":16},"end":{"line":32,"column":25}}]},"1":{"loc":{"start":{"line":42,"column":12},"end":{"line":45,"column":null}},"type":"if","locations":[{"start":{"line":42,"column":12},"end":{"line":45,"column":null}},{"start":{"line":42,"column":12},"end":{"line":45,"column":null}}]},"2":{"loc":{"start":{"line":42,"column":16},"end":{"line":42,"column":46}},"type":"binary-expr","locations":[{"start":{"line":42,"column":16},"end":{"line":42,"column":46}},{"start":{"line":42,"column":50},"end":{"line":42,"column":80}}]}},"s":{"0":1,"1":1,"2":2,"3":2,"4":2,"5":2,"6":2,"7":2,"8":2,"9":2,"10":22,"11":6,"12":6,"13":4,"14":4,"15":6,"16":6,"17":6,"18":6,"19":22,"20":22,"21":2,"22":22,"23":22,"24":44,"25":3,"26":3,"27":1},"f":{"0":1,"1":2,"2":2,"3":22},"b":{"0":[6,4,6,6],"1":[3,41],"2":[44,14]}}
}
