{"/Users/tristan/Desktop/Projects/process-reviews/oil_spill_tech_test/src/oilSpill.ts": {"path":"/Users/tristan/Desktop/Projects/process-reviews/oil_spill_tech_test/src/oilSpill.ts","statementMap":{"0":{"start":{"line":8,"column":8},"end":{"line":8,"column":null}},"1":{"start":{"line":9,"column":8},"end":{"line":9,"column":null}},"2":{"start":{"line":10,"column":8},"end":{"line":10,"column":null}},"3":{"start":{"line":11,"column":8},"end":{"line":11,"column":null}},"4":{"start":{"line":16,"column":8},"end":{"line":19,"column":null}},"5":{"start":{"line":23,"column":16},"end":{"line":23,"column":30}},"6":{"start":{"line":24,"column":16},"end":{"line":24,"column":30}},"7":{"start":{"line":25,"column":8},"end":{"line":41,"column":null}},"8":{"start":{"line":25,"column":20},"end":{"line":25,"column":21}},"9":{"start":{"line":26,"column":12},"end":{"line":39,"column":null}},"10":{"start":{"line":28,"column":20},"end":{"line":28,"column":null}},"11":{"start":{"line":29,"column":20},"end":{"line":29,"column":25}},"12":{"start":{"line":31,"column":20},"end":{"line":31,"column":null}},"13":{"start":{"line":32,"column":20},"end":{"line":32,"column":25}},"14":{"start":{"line":34,"column":20},"end":{"line":34,"column":null}},"15":{"start":{"line":35,"column":20},"end":{"line":35,"column":25}},"16":{"start":{"line":37,"column":20},"end":{"line":37,"column":null}},"17":{"start":{"line":38,"column":20},"end":{"line":38,"column":25}},"18":{"start":{"line":40,"column":12},"end":{"line":40,"column":null}},"19":{"start":{"line":42,"column":8},"end":{"line":42,"column":null}},"20":{"start":{"line":46,"column":22},"end":{"line":46,"column":27}},"21":{"start":{"line":47,"column":8},"end":{"line":52,"column":null}},"22":{"start":{"line":47,"column":20},"end":{"line":47,"column":21}},"23":{"start":{"line":48,"column":12},"end":{"line":51,"column":null}},"24":{"start":{"line":49,"column":16},"end":{"line":49,"column":null}},"25":{"start":{"line":50,"column":16},"end":{"line":50,"column":null}},"26":{"start":{"line":53,"column":8},"end":{"line":53,"column":null}},"27":{"start":{"line":57,"column":8},"end":{"line":59,"column":null}},"28":{"start":{"line":58,"column":12},"end":{"line":58,"column":null}},"29":{"start":{"line":65,"column":4},"end":{"line":65,"column":null}}},"fnMap":{"0":{"name":"(anonymous_0)","decl":{"start":{"line":7,"column":4},"end":{"line":7,"column":16}},"loc":{"start":{"line":7,"column":30},"end":{"line":13,"column":5}}},"1":{"name":"(anonymous_1)","decl":{"start":{"line":15,"column":4},"end":{"line":15,"column":10}},"loc":{"start":{"line":15,"column":10},"end":{"line":20,"column":5}}},"2":{"name":"(anonymous_2)","decl":{"start":{"line":22,"column":4},"end":{"line":22,"column":17}},"loc":{"start":{"line":22,"column":59},"end":{"line":43,"column":5}}},"3":{"name":"(anonymous_3)","decl":{"start":{"line":45,"column":4},"end":{"line":45,"column":12}},"loc":{"start":{"line":45,"column":31},"end":{"line":54,"column":5}}},"4":{"name":"(anonymous_4)","decl":{"start":{"line":56,"column":4},"end":{"line":56,"column":15}},"loc":{"start":{"line":56,"column":33},"end":{"line":60,"column":5}}}},"branchMap":{"0":{"loc":{"start":{"line":27,"column":16},"end":{"line":29,"column":25}},"type":"switch","locations":[{"start":{"line":27,"column":16},"end":{"line":29,"column":25}},{"start":{"line":30,"column":16},"end":{"line":32,"column":25}},{"start":{"line":33,"column":16},"end":{"line":35,"column":25}},{"start":{"line":36,"column":16},"end":{"line":38,"column":25}}]},"1":{"loc":{"start":{"line":48,"column":12},"end":{"line":51,"column":null}},"type":"if","locations":[{"start":{"line":48,"column":12},"end":{"line":51,"column":null}},{"start":{"line":48,"column":12},"end":{"line":51,"column":null}}]},"2":{"loc":{"start":{"line":48,"column":16},"end":{"line":48,"column":52}},"type":"binary-expr","locations":[{"start":{"line":48,"column":16},"end":{"line":48,"column":52}},{"start":{"line":48,"column":56},"end":{"line":48,"column":92}}]},"3":{"loc":{"start":{"line":57,"column":8},"end":{"line":59,"column":null}},"type":"if","locations":[{"start":{"line":57,"column":8},"end":{"line":59,"column":null}},{"start":{"line":57,"column":8},"end":{"line":59,"column":null}}]}},"s":{"0":5,"1":5,"2":5,"3":5,"4":2,"5":3,"6":3,"7":3,"8":3,"9":33,"10":9,"11":9,"12":6,"13":6,"14":9,"15":9,"16":9,"17":9,"18":33,"19":3,"20":35,"21":35,"22":35,"23":69,"24":4,"25":4,"26":35,"27":33,"28":3,"29":1},"f":{"0":5,"1":2,"2":3,"3":35,"4":33},"b":{"0":[9,6,9,9],"1":[4,65],"2":[69,22],"3":[3,30]}}
}
