TN:
SF:src/getOilSpillData.ts
FN:1,(anonymous_0)
FN:6,getOilSpillData
FN:16,movement
FN:40,countCleanedTiles
FNF:4
FNH:4
FNDA:1,(anonymous_0)
FNDA:2,getOilSpillData
FNDA:2,movement
FNDA:22,countCleanedTiles
DA:1,1
DA:3,1
DA:7,2
DA:8,2
DA:9,2
DA:10,2
DA:17,2
DA:18,2
DA:19,2
DA:20,22
DA:22,6
DA:23,6
DA:25,4
DA:26,4
DA:28,6
DA:29,6
DA:31,6
DA:32,6
DA:34,22
DA:35,22
DA:37,2
DA:41,22
DA:42,44
DA:43,3
DA:44,3
DA:49,1
LF:26
LH:26
BRDA:21,0,0,6
BRDA:21,0,1,4
BRDA:21,0,2,6
BRDA:21,0,3,6
BRDA:42,1,0,3
BRDA:42,1,1,41
BRDA:42,2,0,44
BRDA:42,2,1,14
BRF:8
BRH:8
end_of_record
