TN:
SF:src/getOilSpillData.ts
FN:1,(anonymous_0)
FN:6,getOilSpillData
FN:15,clearData
FN:21,movement
FN:27,move
FN:48,canMove
FN:56,countCleanedTiles
FNF:7
FNH:7
FNDA:1,(anonymous_0)
FNDA:3,getOilSpillData
FNDA:3,clearData
FNDA:3,movement
FNDA:28,move
FNDA:28,canMove
FNDA:28,countCleanedTiles
DA:1,1
DA:3,1
DA:7,3
DA:8,3
DA:9,2
DA:16,3
DA:17,3
DA:18,3
DA:22,3
DA:23,28
DA:28,28
DA:30,12
DA:31,12
DA:32,12
DA:34,4
DA:35,4
DA:36,4
DA:38,6
DA:39,6
DA:40,6
DA:42,6
DA:43,6
DA:44,6
DA:49,28
DA:50,27
DA:52,1
DA:57,28
DA:58,62
DA:59,3
DA:60,3
DA:65,1
LF:31
LH:31
BRDA:29,0,0,12
BRDA:29,0,1,4
BRDA:29,0,2,6
BRDA:29,0,3,6
BRDA:49,1,0,27
BRDA:49,1,1,1
BRDA:49,2,0,28
BRDA:49,2,1,28
BRDA:49,2,2,28
BRDA:49,2,3,28
BRDA:58,3,0,3
BRDA:58,3,1,59
BRDA:58,4,0,62
BRDA:58,4,1,20
BRF:14
BRH:14
end_of_record
